<?xml version="1.0" encoding="UTF-8"?>
<!-- Generated by org.testng.reporters.JUnitReportReporter -->
<testsuite hostname="ThuPhuoc" failures="0" tests="2" name="com.hrm.admin.LiveHRM" time="10.785" errors="0" timestamp="04 Apr 2022 14:17:09 GMT" skipped="0">
  <testcase classname="com.hrm.admin.LiveHRM" name="TC01_LoginByAdmin" time="5.276"/>
  <testcase classname="com.hrm.admin.LiveHRM" name="TC02_AddEmployee" time="5.509"/>
</testsuite> <!-- com.hrm.admin.LiveHRM -->
